2025/07/01 03:39:50 [warn] 1#1: the "listen ... http2" directive is deprecated, use the "http2" directive instead in /etc/nginx/conf.d/searxng.conf:16
2025/07/01 03:39:50 [warn] 1#1: the "listen ... http2" directive is deprecated, use the "http2" directive instead in /etc/nginx/conf.d/searxng.conf:17
2025/07/01 03:39:50 [notice] 1#1: using the "epoll" event method
2025/07/01 03:39:50 [notice] 1#1: nginx/1.29.0
2025/07/01 03:39:50 [notice] 1#1: built by gcc 14.2.0 (Alpine 14.2.0) 
2025/07/01 03:39:50 [notice] 1#1: OS: Linux 6.8.0-1027-oracle
2025/07/01 03:39:50 [notice] 1#1: getrlimit(RLIMIT_NOFILE): 1048576:1048576
2025/07/01 03:39:50 [notice] 1#1: start worker processes
2025/07/01 03:39:50 [notice] 1#1: start worker process 20
2025/07/01 03:39:50 [notice] 1#1: start worker process 21
2025/07/01 03:39:50 [notice] 1#1: start worker process 22
2025/07/01 03:39:50 [notice] 1#1: start worker process 23
2025/07/01 03:45:56 [notice] 1#1: signal 3 (SIGQUIT) received, shutting down
2025/07/01 03:45:56 [notice] 21#21: gracefully shutting down
2025/07/01 03:45:56 [notice] 22#22: gracefully shutting down
2025/07/01 03:45:56 [notice] 20#20: gracefully shutting down
2025/07/01 03:45:56 [notice] 21#21: exiting
2025/07/01 03:45:56 [notice] 22#22: exiting
2025/07/01 03:45:56 [notice] 20#20: exiting
2025/07/01 03:45:56 [notice] 23#23: gracefully shutting down
2025/07/01 03:45:56 [notice] 23#23: exiting
2025/07/01 03:45:56 [notice] 20#20: exit
2025/07/01 03:45:56 [notice] 21#21: exit
2025/07/01 03:45:56 [notice] 23#23: exit
2025/07/01 03:45:56 [notice] 22#22: exit
2025/07/01 03:45:56 [notice] 1#1: signal 17 (SIGCHLD) received from 20
2025/07/01 03:45:56 [notice] 1#1: worker process 20 exited with code 0
2025/07/01 03:45:56 [notice] 1#1: signal 29 (SIGIO) received
2025/07/01 03:45:56 [notice] 1#1: signal 17 (SIGCHLD) received from 21
2025/07/01 03:45:56 [notice] 1#1: worker process 21 exited with code 0
2025/07/01 03:45:56 [notice] 1#1: worker process 23 exited with code 0
2025/07/01 03:45:56 [notice] 1#1: signal 29 (SIGIO) received
2025/07/01 03:45:56 [notice] 1#1: signal 17 (SIGCHLD) received from 22
2025/07/01 03:45:56 [notice] 1#1: worker process 22 exited with code 0
2025/07/01 03:45:56 [notice] 1#1: exit
2025/07/01 03:45:57 [warn] 1#1: the "listen ... http2" directive is deprecated, use the "http2" directive instead in /etc/nginx/conf.d/searxng.conf:16
2025/07/01 03:45:57 [warn] 1#1: the "listen ... http2" directive is deprecated, use the "http2" directive instead in /etc/nginx/conf.d/searxng.conf:17
2025/07/01 03:45:57 [notice] 1#1: using the "epoll" event method
2025/07/01 03:45:57 [notice] 1#1: nginx/1.29.0
2025/07/01 03:45:57 [notice] 1#1: built by gcc 14.2.0 (Alpine 14.2.0) 
2025/07/01 03:45:57 [notice] 1#1: OS: Linux 6.8.0-1027-oracle
2025/07/01 03:45:57 [notice] 1#1: getrlimit(RLIMIT_NOFILE): 1048576:1048576
2025/07/01 03:45:57 [notice] 1#1: start worker processes
2025/07/01 03:45:57 [notice] 1#1: start worker process 20
2025/07/01 03:45:57 [notice] 1#1: start worker process 21
2025/07/01 03:45:57 [notice] 1#1: start worker process 22
2025/07/01 03:45:57 [notice] 1#1: start worker process 23
2025/07/01 03:54:20 [notice] 1#1: signal 3 (SIGQUIT) received, shutting down
2025/07/01 03:54:20 [notice] 20#20: gracefully shutting down
2025/07/01 03:54:20 [notice] 20#20: exiting
2025/07/01 03:54:20 [notice] 21#21: gracefully shutting down
2025/07/01 03:54:20 [notice] 21#21: exiting
2025/07/01 03:54:20 [notice] 22#22: gracefully shutting down
2025/07/01 03:54:20 [notice] 22#22: exiting
2025/07/01 03:54:20 [notice] 22#22: exit
2025/07/01 03:54:20 [notice] 23#23: gracefully shutting down
2025/07/01 03:54:20 [notice] 23#23: exiting
2025/07/01 03:54:20 [notice] 23#23: exit
2025/07/01 03:54:20 [notice] 21#21: exit
2025/07/01 03:54:20 [notice] 20#20: exit
2025/07/01 03:54:20 [notice] 1#1: signal 17 (SIGCHLD) received from 21
2025/07/01 03:54:20 [notice] 1#1: worker process 21 exited with code 0
2025/07/01 03:54:20 [notice] 1#1: worker process 22 exited with code 0
2025/07/01 03:54:20 [notice] 1#1: signal 29 (SIGIO) received
2025/07/01 03:54:20 [notice] 1#1: signal 17 (SIGCHLD) received from 22
2025/07/01 03:54:20 [notice] 1#1: signal 17 (SIGCHLD) received from 23
2025/07/01 03:54:20 [notice] 1#1: worker process 23 exited with code 0
2025/07/01 03:54:20 [notice] 1#1: signal 29 (SIGIO) received
2025/07/01 03:54:20 [notice] 1#1: signal 17 (SIGCHLD) received from 20
2025/07/01 03:54:20 [notice] 1#1: worker process 20 exited with code 0
2025/07/01 03:54:20 [notice] 1#1: exit
2025/07/01 03:54:22 [warn] 1#1: the "listen ... http2" directive is deprecated, use the "http2" directive instead in /etc/nginx/conf.d/searxng.conf:16
2025/07/01 03:54:22 [warn] 1#1: the "listen ... http2" directive is deprecated, use the "http2" directive instead in /etc/nginx/conf.d/searxng.conf:17
2025/07/01 03:54:22 [notice] 1#1: using the "epoll" event method
2025/07/01 03:54:22 [notice] 1#1: nginx/1.29.0
2025/07/01 03:54:22 [notice] 1#1: built by gcc 14.2.0 (Alpine 14.2.0) 
2025/07/01 03:54:22 [notice] 1#1: OS: Linux 6.8.0-1027-oracle
2025/07/01 03:54:22 [notice] 1#1: getrlimit(RLIMIT_NOFILE): 1048576:1048576
2025/07/01 03:54:22 [notice] 1#1: start worker processes
2025/07/01 03:54:22 [notice] 1#1: start worker process 20
2025/07/01 03:54:22 [notice] 1#1: start worker process 21
2025/07/01 03:54:22 [notice] 1#1: start worker process 22
2025/07/01 03:54:22 [notice] 1#1: start worker process 23
2025/07/01 04:18:05 [notice] 1#1: signal 3 (SIGQUIT) received, shutting down
2025/07/01 04:18:05 [notice] 20#20: gracefully shutting down
2025/07/01 04:18:05 [notice] 22#22: gracefully shutting down
2025/07/01 04:18:05 [notice] 20#20: exiting
2025/07/01 04:18:05 [notice] 22#22: exiting
2025/07/01 04:18:05 [notice] 22#22: exit
2025/07/01 04:18:05 [notice] 20#20: exit
2025/07/01 04:18:05 [notice] 21#21: gracefully shutting down
2025/07/01 04:18:05 [notice] 21#21: exiting
2025/07/01 04:18:05 [notice] 21#21: exit
2025/07/01 04:18:05 [notice] 23#23: gracefully shutting down
2025/07/01 04:18:05 [notice] 23#23: exiting
2025/07/01 04:18:05 [notice] 23#23: exit
2025/07/01 04:18:05 [notice] 1#1: signal 17 (SIGCHLD) received from 20
2025/07/01 04:18:05 [notice] 1#1: worker process 20 exited with code 0
2025/07/01 04:18:05 [notice] 1#1: signal 29 (SIGIO) received
2025/07/01 04:18:05 [notice] 1#1: signal 17 (SIGCHLD) received from 22
2025/07/01 04:18:05 [notice] 1#1: worker process 21 exited with code 0
2025/07/01 04:18:05 [notice] 1#1: worker process 22 exited with code 0
2025/07/01 04:18:05 [notice] 1#1: signal 29 (SIGIO) received
2025/07/01 04:18:05 [notice] 1#1: signal 17 (SIGCHLD) received from 23
2025/07/01 04:18:05 [notice] 1#1: worker process 23 exited with code 0
2025/07/01 04:18:05 [notice] 1#1: exit
